100 10.1857563624
200 8.6767010790
300 7.8744774297
400 7.3409987241
500 6.9471324252
600 6.6379269600
700 6.3851329437
800 6.1724063936
900 5.9894871035
1000 5.8295356038
1100 5.6877775719
1200 5.5607561196
1300 5.4458926760
1400 5.3412157540
1500 5.2451863060
1600 5.1565812843
1700 5.0744136725
1800 4.9978761417
1900 4.9263004575
2000 4.8591276583
2100 4.7958857612
2200 4.7361728364
2300 4.6796439775
2400 4.6260011429
2500 4.5749851460
2600 4.5263692735
2700 4.4799541511
2800 4.4355635780
2900 4.3930411188
3000 4.3522472949
3100 4.3130572532
3200 4.2753588195
3300 4.2390508618
3400 4.2040419077
3500 4.1702489698
3600 4.1375965429
3700 4.1060157434
3800 4.0754435685
3900 4.0458222548
4000 4.0170987217
4100 3.9892240855
4200 3.9621532354
4300 3.9358444602
4400 3.9102591203
4500 3.8853613576
4600 3.8611178390
4700 3.8374975282
4800 3.8144714824
4900 3.7920126711
5000 3.7700958136
5100 3.7486972339
5200 3.7277947290
5300 3.7073674516
5400 3.6873958035
5500 3.6678613389
5600 3.6487466776
5700 3.6300354254
5800 3.6117121023
5900 3.5937620764
6000 3.5761715043
6100 3.5589272764
6200 3.5420169664
6300 3.5254287855
6400 3.5091515401
6500 3.4931745932
6600 3.4774878285
6700 3.4620816176
6800 3.4469467894
6900 3.4320746022
7000 3.4174567177
7100 3.4030851767
7200 3.3889523773
7300 3.3750510536
7400 3.3613742570
7500 3.3479153377
7600 3.3346679288
7700 3.3216259299
7800 3.3087834934
7900 3.2961350104
8000 3.2836750985
8100 3.2713985894
8200 3.2593005185
8300 3.2473761142
8400 3.2356207881
8500 3.2240301259
8600 3.2125998791
8700 3.2013259565
8800 3.1902044170
8900 3.1792314624
9000 3.1684034306
9100 3.1577167891
9200 3.1471681295
9300 3.1367541614
9400 3.1264717074
9500 3.1163176978
9600 3.1062891662
9700 3.0963832447
9800 3.0865971597
9900 3.0769282280
10000 3.0673738528

